<?xml version="1.0" encoding="UTF-8"?>
<!-- Generated by org.testng.reporters.JUnitXMLReporter -->
<testsuite hostname="Infva07132" name="10" tests="1" failures="0" timestamp="29 Jun 2018 02:34:20 GMT" time="30.9" errors="0">
  <testcase name="@AfterClass tearDown" time="0.0" classname="softpac.NonIndividualModification_ExelExec">
    <failure type="java.lang.NullPointerException">
      <![CDATA[java.lang.NullPointerException
	at softpac.ExcelReportWriter.excelReportWriter(ExcelReportWriter.java:76)
	at softpac.NonIndividualModification_ExelExec.tearDown(NonIndividualModification_ExelExec.java:204)
... Removed 24 stack frames]]>
    </failure>
  </testcase> <!-- @AfterClass tearDown -->
  <testcase name="testLogin" time="26.982" classname="softpac.NonIndividualModification_ExelExec"/>
</testsuite> <!-- 10 -->
