<?xml version="1.0" encoding="UTF-8"?>
<!-- Generated by org.testng.reporters.JUnitXMLReporter -->
<testsuite hostname="Infva07132" name="11" tests="1" failures="0" timestamp="29 Jun 2018 02:35:27 GMT" time="66.487" errors="0">
  <testcase name="@AfterClass tearDown" time="0.0" classname="softpac.Registration_customerExecuter_individual">
    <failure type="java.lang.NullPointerException">
      <![CDATA[java.lang.NullPointerException
	at softpac.ExcelReportWriter.excelReportWriter(ExcelReportWriter.java:76)
	at softpac.Registration_customerExecuter_individual.tearDown(Registration_customerExecuter_individual.java:237)
... Removed 24 stack frames]]>
    </failure>
  </testcase> <!-- @AfterClass tearDown -->
  <testcase name="testLogin" time="56.888" classname="softpac.Registration_customerExecuter_individual"/>
</testsuite> <!-- 11 -->
