<?xml version="1.0" encoding="UTF-8"?>
<!-- Generated by org.testng.reporters.JUnitXMLReporter -->
<testsuite hostname="Infva07132" name="3" tests="1" failures="0" timestamp="29 Jun 2018 02:30:53 GMT" time="7.727" errors="0">
  <testcase name="@AfterClass tearDown" time="0.0" classname="softpac.ViewFD_ExcelExecutor">
    <failure type="java.lang.NullPointerException">
      <![CDATA[java.lang.NullPointerException
	at softpac.ExcelReportWriter.excelReportWriter(ExcelReportWriter.java:76)
	at softpac.ViewFD_ExcelExecutor.tearDown(ViewFD_ExcelExecutor.java:198)
... Removed 24 stack frames]]>
    </failure>
  </testcase> <!-- @AfterClass tearDown -->
  <testcase name="testLogin" time="4.138" classname="softpac.ViewFD_ExcelExecutor"/>
</testsuite> <!-- 3 -->
