<?xml version="1.0" encoding="UTF-8"?>
<!-- Generated by org.testng.reporters.JUnitXMLReporter -->
<testsuite hostname="Infva07132" name="4" tests="1" failures="0" timestamp="29 Jun 2018 02:31:37 GMT" time="43.807" errors="0">
  <testcase name="@AfterClass tearDown" time="0.0" classname="softpac.MemRegNI_ExcelExecutor">
    <failure type="java.lang.NullPointerException">
      <![CDATA[java.lang.NullPointerException
	at softpac.ExcelReportWriter.excelReportWriter(ExcelReportWriter.java:76)
	at softpac.MemRegNI_ExcelExecutor.tearDown(MemRegNI_ExcelExecutor.java:202)
... Removed 24 stack frames]]>
    </failure>
  </testcase> <!-- @AfterClass tearDown -->
  <testcase name="testLogin" time="40.19" classname="softpac.MemRegNI_ExcelExecutor"/>
</testsuite> <!-- 4 -->
