<?xml version="1.0" encoding="UTF-8"?>
<!-- Generated by org.testng.reporters.JUnitXMLReporter -->
<testsuite hostname="Infva07132" name="5" tests="1" failures="0" timestamp="29 Jun 2018 02:31:58 GMT" time="20.877" errors="0">
  <testcase name="@AfterClass tearDown" time="0.0" classname="softpac.FD_Joint_Executor">
    <failure type="java.lang.NullPointerException">
      <![CDATA[java.lang.NullPointerException
	at softpac.ExcelReportWriter.excelReportWriter(ExcelReportWriter.java:76)
	at softpac.FD_Joint_Executor.tearDown(FD_Joint_Executor.java:207)
... Removed 24 stack frames]]>
    </failure>
  </testcase> <!-- @AfterClass tearDown -->
  <testcase name="testLogin" time="17.336" classname="softpac.FD_Joint_Executor"/>
</testsuite> <!-- 5 -->
