<?xml version="1.0" encoding="UTF-8"?>
<!-- Generated by org.testng.reporters.JUnitXMLReporter -->
<testsuite hostname="Infva07132" name="6" tests="1" failures="0" timestamp="29 Jun 2018 02:32:39 GMT" time="41.364" errors="0">
  <testcase name="@AfterClass tearDown" time="0.0" classname="softpac.MemRegNI_Joint_ExcelExecutor">
    <failure type="java.lang.NullPointerException">
      <![CDATA[java.lang.NullPointerException
	at softpac.ExcelReportWriter.excelReportWriter(ExcelReportWriter.java:76)
	at softpac.MemRegNI_Joint_ExcelExecutor.tearDown(MemRegNI_Joint_ExcelExecutor.java:241)
... Removed 24 stack frames]]>
    </failure>
  </testcase> <!-- @AfterClass tearDown -->
  <testcase name="testLogin" time="37.746" classname="softpac.MemRegNI_Joint_ExcelExecutor"/>
</testsuite> <!-- 6 -->
