<?xml version="1.0" encoding="UTF-8"?>
<!-- Generated by org.testng.reporters.JUnitXMLReporter -->
<testsuite hostname="Infva07132" name="7" tests="1" failures="0" timestamp="29 Jun 2018 02:32:59 GMT" time="19.413" errors="0">
  <testcase name="@AfterClass tearDown" time="0.0" classname="softpac.FD_Single_Executor">
    <failure type="java.lang.NullPointerException">
      <![CDATA[java.lang.NullPointerException
	at softpac.ExcelReportWriter.excelReportWriter(ExcelReportWriter.java:76)
	at softpac.FD_Single_Executor.tearDown(FD_Single_Executor.java:205)
... Removed 24 stack frames]]>
    </failure>
  </testcase> <!-- @AfterClass tearDown -->
  <testcase name="testLogin" time="15.86" classname="softpac.FD_Single_Executor"/>
</testsuite> <!-- 7 -->
