<?xml version="1.0" encoding="UTF-8"?>
<!-- Generated by org.testng.reporters.JUnitXMLReporter -->
<testsuite hostname="Infva07132" name="9" tests="1" failures="0" timestamp="29 Jun 2018 02:33:49 GMT" time="50.31" errors="0">
  <testcase name="@AfterClass tearDown" time="0.0" classname="softpac.IndividualModification_ExcelExec">
    <failure type="java.lang.NullPointerException">
      <![CDATA[java.lang.NullPointerException
	at softpac.ExcelReportWriter.excelReportWriter(ExcelReportWriter.java:76)
	at softpac.IndividualModification_ExcelExec.tearDown(IndividualModification_ExcelExec.java:212)
... Removed 24 stack frames]]>
    </failure>
  </testcase> <!-- @AfterClass tearDown -->
  <testcase name="testLogin" time="46.154" classname="softpac.IndividualModification_ExcelExec"/>
</testsuite> <!-- 9 -->
